

*******************************************************************************
Tue Jul  9 15:33:07 2024


FIT:    data read from "data_1000times.d" u 3:2
        format = x:z
        #datapoints = 20
        residuals are weighted equally (unit weight)

function used for fitting: f(x)
	f(x) = sqrt(a*x + b)
fitted parameters initialized with current variable values

iter      chisq       delta/lim  lambda   a             b            
   0 1.0772108882e+02   0.00e+00  7.00e-01    1.000000e+00   1.000000e+00
   6 3.6930844649e-01  -1.50e-10  7.00e+04   -3.606017e+00   2.942812e+01

After 6 iterations the fit converged.
final sum of squares of residuals : 0.369308
rel. change during last iteration : -1.50311e-15

degrees of freedom    (FIT_NDF)                        : 18
rms of residuals      (FIT_STDFIT) = sqrt(WSSR/ndf)    : 0.143238
variance of residuals (reduced chisquare) = WSSR/ndf   : 0.0205171

Final set of parameters            Asymptotic Standard Error
=======================            ==========================
a               = -3.60602         +/- 0.07969      (2.21%)
b               = 29.4281          +/- 0.5568       (1.892%)

correlation matrix of the fit parameters:
                a      b      
a               1.000 
b              -0.964  1.000 
